<?xml version="1.0" encoding="UTF-8"?>
<testng-results skipped="0" failed="0" total="2" passed="2">
  <reporter-output>
  </reporter-output>
  <suite name="Testingsuite" duration-ms="39679" started-at="2020-06-23T18:53:46Z" finished-at="2020-06-23T18:54:26Z">
    <groups>
    </groups>
    <test name="Covid test" duration-ms="39679" started-at="2020-06-23T18:53:46Z" finished-at="2020-06-23T18:54:26Z">
      <class name="selenium2.ExcelTest">
        <test-method status="PASS" signature="beforeTest()[pri:0, instance:selenium2.ExcelTest@357246de]" name="beforeTest" is-config="true" duration-ms="758" started-at="2020-06-24T00:23:46Z" finished-at="2020-06-24T00:23:47Z">
          <reporter-output>
          </reporter-output>
        </test-method> <!-- beforeTest -->
        <test-method status="PASS" signature="a_Test()[pri:0, instance:selenium2.ExcelTest@357246de]" name="a_Test" duration-ms="4406" started-at="2020-06-24T00:23:47Z" finished-at="2020-06-24T00:23:51Z">
          <reporter-output>
          </reporter-output>
        </test-method> <!-- a_Test -->
        <test-method status="PASS" signature="b_Test()[pri:1, instance:selenium2.ExcelTest@357246de]" name="b_Test" duration-ms="34505" started-at="2020-06-24T00:23:51Z" finished-at="2020-06-24T00:24:26Z">
          <reporter-output>
          </reporter-output>
        </test-method> <!-- b_Test -->
        <test-method status="PASS" signature="afterTest()[pri:0, instance:selenium2.ExcelTest@357246de]" name="afterTest" is-config="true" duration-ms="0" started-at="2020-06-24T00:24:26Z" finished-at="2020-06-24T00:24:26Z">
          <reporter-output>
          </reporter-output>
        </test-method> <!-- afterTest -->
      </class> <!-- selenium2.ExcelTest -->
    </test> <!-- Covid test -->
  </suite> <!-- Testingsuite -->
</testng-results>
