<?xml version="1.0" encoding="UTF-8"?>
<!-- Generated by org.testng.reporters.JUnitXMLReporter -->
<testsuite hostname="Silent-Guardian" name="Covid test" tests="2" failures="1" timestamp="10 Aug 2020 15:32:03 GMT" time="69.101" errors="0">
  <testcase name="a_Test" time="10.073" classname="selenium2.ExcelTest">
    <failure type="java.lang.AssertionError" message="expected [CoViD-19 Test Report] but found []">
      <![CDATA[java.lang.AssertionError: expected [CoViD-19 Test Report] but found []
	at selenium2.ExcelTest.a_Test(ExcelTest.java:57)
... Removed 28 stack frames]]>
    </failure>
  </testcase> <!-- a_Test -->
  <testcase name="b_Test" time="57.678" classname="selenium2.ExcelTest"/>
</testsuite> <!-- Covid test -->
